#
# There is insufficient memory for the Java Runtime Environment to continue.
# Native memory allocation (mmap) failed to map 132120576 bytes. Error detail: G1 virtual space
# Possible reasons:
#   The system is out of physical RAM or swap space
#   This process is running with CompressedOops enabled, and the Java Heap may be blocking the growth of the native heap
# Possible solutions:
#   Reduce memory load on the system
#   Increase physical memory or swap space
#   Check if swap backing store is full
#   Decrease Java heap size (-Xmx/-Xms)
#   Decrease number of Java threads
#   Decrease Java thread stack sizes (-Xss)
#   Set larger code cache with -XX:ReservedCodeCacheSize=
#   JVM is running with Unscaled Compressed Oops mode in which the Java heap is
#     placed in the first 4GB address space. The Java Heap base address is the
#     maximum limit for the native heap growth. Please use -XX:HeapBaseMinAddress
#     to set the Java Heap base and to place the Java Heap above 4GB virtual address.
# This output file may be truncated or incomplete.
#
#  Out of Memory Error (os_windows.cpp:3564), pid=16108, tid=19428
#
# JRE version:  (24.0.2+12) (build )
# Java VM: Java HotSpot(TM) 64-Bit Server VM (24.0.2+12-54, mixed mode, sharing, tiered, compressed oops, compressed class ptrs, g1 gc, windows-amd64)
# No core dump will be written. Minidumps are not enabled by default on client versions of Windows
#

---------------  S U M M A R Y ------------

Command Line: -javaagent:C:\Program Files\JetBrains\IntelliJ IDEA 2025.2.4\lib\idea_rt.jar=59067 -Dfile.encoding=UTF-8 -Dsun.stdout.encoding=UTF-8 -Dsun.stderr.encoding=UTF-8 MainApp

Host: Intel(R) Core(TM) i5-10500 CPU @ 3.10GHz, 12 cores, 7G,  Windows 11 , 64 bit Build 26100 (10.0.26100.7019)
Time: Wed Nov 26 17:08:37 2025 Hora oficial do Brasil elapsed time: 1.030269 seconds (0d 0h 0m 1s)

---------------  T H R E A D  ---------------

Current thread (0x000001c5e63aa9a0):  JavaThread "Unknown thread" [_thread_in_vm, id=19428, stack(0x000000a970b00000,0x000000a970c00000) (1024K)]

Stack: [0x000000a970b00000,0x000000a970c00000]
Native frames: (J=compiled Java code, j=interpreted, Vv=VM code, C=native code)
V  [jvm.dll+0x730829]  (no source info available)
V  [jvm.dll+0x8d9da3]  (no source info available)
V  [jvm.dll+0x8dc28d]  (no source info available)
V  [jvm.dll+0x8dc903]  (no source info available)
V  [jvm.dll+0x2a9f56]  (no source info available)
V  [jvm.dll+0x72cd55]  (no source info available)
V  [jvm.dll+0x72066a]  (no source info available)
V  [jvm.dll+0x390b7a]  (no source info available)
V  [jvm.dll+0x398906]  (no source info available)
V  [jvm.dll+0x3850de]  (no source info available)
V  [jvm.dll+0x385398]  (no source info available)
V  [jvm.dll+0x35d10c]  (no source info available)
V  [jvm.dll+0x35ddcd]  (no source info available)
V  [jvm.dll+0x89d50f]  (no source info available)
V  [jvm.dll+0x3f979d]  (no source info available)
V  [jvm.dll+0x885b66]  (no source info available)
V  [jvm.dll+0x495e7e]  (no source info available)
V  [jvm.dll+0x497c51]  (no source info available)
C  [jli.dll+0x52a1]  (no source info available)
C  [ucrtbase.dll+0x37b0]  (no source info available)
C  [KERNEL32.DLL+0x2e8d7]  (no source info available)
C  [ntdll.dll+0x8c53c]  (no source info available)

Lock stack of current Java thread (top to bottom):


---------------  P R O C E S S  ---------------

Threads class SMR info:
_java_thread_list=0x00007ff8cc9df318, length=0, elements={
}

Java Threads: ( => current thread )
Total: 0

Other Threads:
  0x000001c5e6401a40 WorkerThread "GC Thread#0"                     [id=18504, stack(0x000000a970c00000,0x000000a970d00000) (1024K)]
  0x000001c5e6416fd0 ConcurrentGCThread "G1 Main Marker"            [id=14544, stack(0x000000a970d00000,0x000000a970e00000) (1024K)]
  0x000001c5e6418280 WorkerThread "G1 Conc#0"                       [id=14052, stack(0x000000a970e00000,0x000000a970f00000) (1024K)]

[error occurred during error reporting (printing all threads), id 0xc0000005, EXCEPTION_ACCESS_VIOLATION (0xc0000005) at pc=0x00007ff8cc11138a]
VM state: not at safepoint (not fully initialized)

VM Mutex/Monitor currently owned by a thread:  ([mutex/lock_event])
[0x00007ff8cca645f0] Heap_lock - owner thread: 0x000001c5e63aa9a0

Heap address: 0x0000000083e00000, size: 1986 MB, Compressed Oops mode: 32-bit

CDS archive(s) mapped at: [0x0000000000000000-0x0000000000000000-0x0000000000000000), size 0, SharedBaseAddress: 0x0000000800000000, ArchiveRelocationMode: 1.
UseCompressedClassPointers 1, UseCompactObjectHeaders 0
Narrow klass pointer bits 32, Max shift 3
Narrow klass base: 0xffffffffffffffff, Narrow klass shift: -1
Encoding Range: [0xffffffffffffffff - 0x000000007fffffff), (2147483648 bytes)
Klass Range:    [0x0000000000000000 - 0x0000000000000000), (0 bytes)
Klass ID Range:  [4294967295 - 0) (1)

GC Precious Log:
 CardTable entry size: 512
 Card Set container configuration: InlinePtr #cards 5 size 8 Array Of Cards #cards 10 size 36 Howl #buckets 4 coarsen threshold 1843 Howl Bitmap #cards 512 size 80 coarsen threshold 460 Card regions per heap region 1 cards per card region 2048

Heap:
 garbage-first heap   total reserved 2033664K, committed 0K, used 0K [0x0000000083e00000, 0x0000000100000000)
  region size 1024K, 0 young (0K), 0 survivors (0K)

[error occurred during error reporting (printing heap information), id 0xc0000005, EXCEPTION_ACCESS_VIOLATION (0xc0000005) at pc=0x00007ff8cc52e679]
GC Heap History (0 events):
No events

Dll operation events (1 events):
Event: 0.009 Loaded shared library C:\Program Files\Java\jdk-24\bin\java.dll

Deoptimization events (0 events):
No events

Classes loaded (0 events):
No events

Classes unloaded (0 events):
No events

Classes redefined (0 events):
No events

Internal exceptions (0 events):
No events

VM Operations (0 events):
No events

Memory protections (0 events):
No events

Nmethod flushes (0 events):
No events

Events (0 events):
No events


Dynamic libraries:
0x00007ff7f9520000 - 0x00007ff7f9530000 	C:\Program Files\Java\jdk-24\bin\java.exe
0x00007ff930de0000 - 0x00007ff931048000 	C:\Windows\SYSTEM32\ntdll.dll
0x00007ff92f960000 - 0x00007ff92fa29000 	C:\Windows\System32\KERNEL32.DLL
0x00007ff92df30000 - 0x00007ff92e328000 	C:\Windows\System32\KERNELBASE.dll
0x00007ff92e3c0000 - 0x00007ff92e50b000 	C:\Windows\System32\ucrtbase.dll
0x00007ff915540000 - 0x00007ff915556000 	C:\Program Files\Java\jdk-24\bin\jli.dll
0x00007ff90a580000 - 0x00007ff90a59b000 	C:\Program Files\Java\jdk-24\bin\VCRUNTIME140.dll
0x00007ff9300c0000 - 0x00007ff930287000 	C:\Windows\System32\USER32.dll
0x00007ff91a970000 - 0x00007ff91ac04000 	C:\Windows\WinSxS\amd64_microsoft.windows.common-controls_6595b64144ccf1df_6.0.26100.7019_none_3e06ffa0e335b8a8\COMCTL32.dll
0x00007ff92e740000 - 0x00007ff92e767000 	C:\Windows\System32\win32u.dll
0x00007ff930ac0000 - 0x00007ff930b69000 	C:\Windows\System32\msvcrt.dll
0x00007ff92f100000 - 0x00007ff92f12b000 	C:\Windows\System32\GDI32.dll
0x00007ff92e8e0000 - 0x00007ff92ea0c000 	C:\Windows\System32\gdi32full.dll
0x00007ff92e770000 - 0x00007ff92e813000 	C:\Windows\System32\msvcp_win.dll
0x00007ff930080000 - 0x00007ff9300b1000 	C:\Windows\System32\IMM32.DLL
0x00007ff916e50000 - 0x00007ff916e5c000 	C:\Program Files\Java\jdk-24\bin\vcruntime140_1.dll
0x00007ff9051d0000 - 0x00007ff90525e000 	C:\Program Files\Java\jdk-24\bin\msvcp140.dll
0x00007ff8cbda0000 - 0x00007ff8ccb41000 	C:\Program Files\Java\jdk-24\bin\server\jvm.dll
0x00007ff930ce0000 - 0x00007ff930d94000 	C:\Windows\System32\ADVAPI32.dll
0x00007ff9309e0000 - 0x00007ff930a86000 	C:\Windows\System32\sechost.dll
0x00007ff92fe80000 - 0x00007ff92ff98000 	C:\Windows\System32\RPCRT4.dll
0x00007ff92eb80000 - 0x00007ff92ebf4000 	C:\Windows\System32\WS2_32.dll
0x00007ff92dd90000 - 0x00007ff92ddee000 	C:\Windows\SYSTEM32\POWRPROF.dll
0x00007ff9260d0000 - 0x00007ff9260db000 	C:\Windows\SYSTEM32\VERSION.dll
0x00007ff91fe30000 - 0x00007ff91fe65000 	C:\Windows\SYSTEM32\WINMM.dll
0x00007ff92dd70000 - 0x00007ff92dd84000 	C:\Windows\SYSTEM32\UMPDC.dll
0x00007ff92ccb0000 - 0x00007ff92cccb000 	C:\Windows\SYSTEM32\kernel.appcore.dll
0x00007ff916de0000 - 0x00007ff916dea000 	C:\Program Files\Java\jdk-24\bin\jimage.dll
0x00007ff918e90000 - 0x00007ff9190d2000 	C:\Windows\SYSTEM32\DBGHELP.DLL
0x00007ff92ec00000 - 0x00007ff92ef8b000 	C:\Windows\System32\combase.dll
0x00007ff92ffa0000 - 0x00007ff930077000 	C:\Windows\System32\OLEAUT32.dll
0x00007ff900620000 - 0x00007ff90065c000 	C:\Windows\SYSTEM32\dbgcore.DLL
0x00007ff92e690000 - 0x00007ff92e735000 	C:\Windows\System32\bcryptPrimitives.dll
0x00007ff928bb0000 - 0x00007ff928bbf000 	C:\Program Files\Java\jdk-24\bin\instrument.dll
0x00007ff906120000 - 0x00007ff90613e000 	C:\Program Files\Java\jdk-24\bin\java.dll
0x00007ff92fb30000 - 0x00007ff92fcc7000 	C:\Windows\System32\ole32.dll
0x00007ff92f200000 - 0x00007ff92f94f000 	C:\Windows\System32\SHELL32.dll
0x00007ff92ea10000 - 0x00007ff92eb7b000 	C:\Windows\System32\wintypes.dll

JVMTI agents:
C:\Program Files\JetBrains\IntelliJ IDEA 2025.2.4\lib\idea_rt.jar path:none, loaded, not initialized, instrumentlib options:59067

dbghelp: loaded successfully - version: 4.0.5 - missing functions: none
symbol engine: initialized successfully - sym options: 0x614 - pdb path: .;C:\Program Files\Java\jdk-24\bin;C:\Windows\SYSTEM32;C:\Windows\WinSxS\amd64_microsoft.windows.common-controls_6595b64144ccf1df_6.0.26100.7019_none_3e06ffa0e335b8a8;C:\Program Files\Java\jdk-24\bin\server

VM Arguments:
jvm_args: -javaagent:C:\Program Files\JetBrains\IntelliJ IDEA 2025.2.4\lib\idea_rt.jar=59067 -Dfile.encoding=UTF-8 -Dsun.stdout.encoding=UTF-8 -Dsun.stderr.encoding=UTF-8 
java_command: MainApp
java_class_path (initial): C:\Users\Aluno\Downloads\untitled\target\classes
Launcher Type: SUN_STANDARD

[Global flags]
     intx CICompilerCount                          = 4                                         {product} {ergonomic}
     uint ConcGCThreads                            = 3                                         {product} {ergonomic}
     uint G1ConcRefinementThreads                  = 10                                        {product} {ergonomic}
   size_t G1HeapRegionSize                         = 1048576                                   {product} {ergonomic}
   size_t InitialHeapSize                          = 132120576                                 {product} {ergonomic}
   size_t MarkStackSize                            = 4194304                                   {product} {ergonomic}
   size_t MarkStackSizeMax                         = 536870912                                 {product} {ergonomic}
   size_t MaxHeapSize                              = 2082471936                                {product} {ergonomic}
   size_t MinHeapDeltaBytes                        = 1048576                                   {product} {ergonomic}
   size_t MinHeapSize                              = 8388608                                   {product} {ergonomic}
    uintx NonNMethodCodeHeapSize                   = 5832704                                {pd product} {ergonomic}
    uintx NonProfiledCodeHeapSize                  = 122945536                              {pd product} {ergonomic}
     bool PerfDisableSharedMem                     = true                                      {product} {ergonomic}
    uintx ProfiledCodeHeapSize                     = 122880000                              {pd product} {ergonomic}
    uintx ReservedCodeCacheSize                    = 251658240                              {pd product} {ergonomic}
     bool SegmentedCodeCache                       = true                                      {product} {ergonomic}
   size_t SoftMaxHeapSize                          = 2082471936                             {manageable} {ergonomic}
     bool UseCompressedOops                        = true                           {product lp64_product} {ergonomic}
     bool UseG1GC                                  = true                                      {product} {ergonomic}
     bool UseLargePagesIndividualAllocation        = false                                  {pd product} {ergonomic}

Logging:
Log output configuration:
 #0: stdout all=warning uptime,level,tags foldmultilines=false
 #1: stderr all=off uptime,level,tags foldmultilines=false

Environment Variables:
PATH=C:\Python313\Scripts\;C:\Python313\;C:\Program Files\Common Files\Oracle\Java\javapath;C:\Program Files (x86)\Common Files\Oracle\Java\java8path;C:\Program Files (x86)\Common Files\Oracle\Java\javapath;C:\Windows\system32;C:\Windows;C:\Windows\System32\Wbem;C:\Windows\System32\WindowsPowerShell\v1.0\;C:\Windows\System32\OpenSSH\;C:\ProgramData\chocolatey\bin;C:\Program Files\Docker\Docker\resources\bin;C:\Program Files\Git\cmd;C:\Users\Aluno\AppData\Local\nvm;C:\nvm4w\nodejs;C:\Program Files\dotnet\;C:\Program Files\Common Files\Autodesk Shared\;C:\Program Files\Microsoft SQL Server\150\Tools\Binn\;C:\Users\Aluno\AppData\Local\Microsoft\WindowsApps;C:\Users\Aluno\AppData\Local\Programs\Microsoft VS Code\bin;C:\Users\Aluno\AppData\Roaming\npm;C:\Users\Aluno\AppData\Local\GitHubDesktop\bin;C:\Program Files\JetBrains\IntelliJ IDEA 2025.1.3\bin;;C:\Program Files\JetBrains\DataGrip 2025.1.3\bin;;C:\Program Files\JetBrains\PyCharm 2025.1.3.1\bin;;C:\Program Files\JetBrains\PhpStorm 2025.1.3\bin;;C:\Program Files\JetBrains\CLion 2025.1.4\bin;;C:\Users\Aluno\AppData\Local\nvm;C:\nvm4w\nodejs
USERNAME=Aluno
OS=Windows_NT
PROCESSOR_IDENTIFIER=Intel64 Family 6 Model 165 Stepping 3, GenuineIntel
TMP=C:\Users\Aluno\AppData\Local\Temp
TEMP=C:\Users\Aluno\AppData\Local\Temp




Periodic native trim disabled

---------------  S Y S T E M  ---------------

OS:
 Windows 11 , 64 bit Build 26100 (10.0.26100.7019)
OS uptime: 0 days 3:31 hours
Hyper-V role detected

CPU: total 12 (initial active 12) (6 cores per cpu, 2 threads per core) family 6 model 165 stepping 3 microcode 0x100, cx8, cmov, fxsr, ht, mmx, 3dnowpref, sse, sse2, sse3, ssse3, sse4.1, sse4.2, popcnt, lzcnt, tsc, tscinvbit, avx, avx2, aes, erms, clmul, bmi1, bmi2, adx, fma, vzeroupper, clflush, clflushopt, hv, rdtscp, f16c
Processor Information for the first 12 processors :
  Max Mhz: 3101, Current Mhz: 3101, Mhz Limit: 3101

Memory: 4k page, system-wide physical 7938M (764M free)
TotalPageFile size 32514M (AvailPageFile size 15M)
current process WorkingSet (physical memory assigned to process): 13M, peak: 13M
current process commit charge ("private bytes"): 65M, peak: 191M

vm_info: Java HotSpot(TM) 64-Bit Server VM (24.0.2+12-54) for windows-amd64 JRE (24.0.2+12-54), built on 2025-07-08T12:10:27Z with MS VC++ 17.6 (VS2022)

END.
